2014/05/24 10:40:13 [error] [exception.CHttpException.404] exception 'CHttpException' with message 'Unable to resolve the request "dsfd".' in /home/www/lweb/lweb.pl.ua/www/yii_link/framework/web/CWebApplication.php:286
Stack trace:
#0 /home/www/lweb/lweb.pl.ua/www/yii_link/framework/web/CWebApplication.php(141): CWebApplication->runController('dsfd')
#1 /home/www/lweb/lweb.pl.ua/www/yii_link/framework/base/CApplication.php(180): CWebApplication->processRequest()
#2 /home/www/lweb/lweb.pl.ua/www/yii_link/index.php(13): CApplication->run()
#3 {main}
REQUEST_URI=/yii_link/dsfd
---
2014/05/24 11:31:05 [error] [exception.CHttpException.404] exception 'CHttpException' with message 'Unable to resolve the request "sdfd".' in /home/www/lweb/lweb.pl.ua/www/yii_link/framework/web/CWebApplication.php:286
Stack trace:
#0 /home/www/lweb/lweb.pl.ua/www/yii_link/framework/web/CWebApplication.php(141): CWebApplication->runController('sdfd')
#1 /home/www/lweb/lweb.pl.ua/www/yii_link/framework/base/CApplication.php(180): CWebApplication->processRequest()
#2 /home/www/lweb/lweb.pl.ua/www/yii_link/index.php(13): CApplication->run()
#3 {main}
REQUEST_URI=/yii_link/sdfd
---
2014/05/24 12:12:53 [error] [exception.CHttpException.404] exception 'CHttpException' with message 'The system is unable to find the requested action "contact".' in /home/www/lweb/lweb.pl.ua/www/yii_link/framework/web/CController.php:483
Stack trace:
#0 /home/www/lweb/lweb.pl.ua/www/yii_link/framework/web/CController.php(270): CController->missingAction('contact')
#1 /home/www/lweb/lweb.pl.ua/www/yii_link/framework/web/CWebApplication.php(282): CController->run('contact')
#2 /home/www/lweb/lweb.pl.ua/www/yii_link/framework/web/CWebApplication.php(141): CWebApplication->runController('site/contact')
#3 /home/www/lweb/lweb.pl.ua/www/yii_link/framework/base/CApplication.php(180): CWebApplication->processRequest()
#4 /home/www/lweb/lweb.pl.ua/www/yii_link/index.php(13): CApplication->run()
#5 {main}
REQUEST_URI=/yii_link/site/contact
HTTP_REFERER=http://lweb.my/yii_link/site/page/view/about
---
2014/05/24 12:16:10 [error] [exception.CHttpException.404] exception 'CHttpException' with message 'Unable to resolve the request "sdfd".' in /home/www/lweb/lweb.pl.ua/www/yii_link/framework/web/CWebApplication.php:286
Stack trace:
#0 /home/www/lweb/lweb.pl.ua/www/yii_link/framework/web/CWebApplication.php(141): CWebApplication->runController('sdfd')
#1 /home/www/lweb/lweb.pl.ua/www/yii_link/framework/base/CApplication.php(180): CWebApplication->processRequest()
#2 /home/www/lweb/lweb.pl.ua/www/yii_link/index.php(13): CApplication->run()
#3 {main}
REQUEST_URI=/yii_link/sdfd
---
2014/05/24 12:16:28 [error] [exception.CHttpException.404] exception 'CHttpException' with message 'Unable to resolve the request "sitdf".' in /home/www/lweb/lweb.pl.ua/www/yii_link/framework/web/CWebApplication.php:286
Stack trace:
#0 /home/www/lweb/lweb.pl.ua/www/yii_link/framework/web/CWebApplication.php(141): CWebApplication->runController('sitdf')
#1 /home/www/lweb/lweb.pl.ua/www/yii_link/framework/base/CApplication.php(180): CWebApplication->processRequest()
#2 /home/www/lweb/lweb.pl.ua/www/yii_link/index.php(13): CApplication->run()
#3 {main}
REQUEST_URI=/yii_link/sitdf
---
2014/05/24 12:25:04 [error] [php] Undefined variable: model (/home/www/lweb/lweb.pl.ua/www/yii_link/protected/views/site/index.php:24)
Stack trace:
#0 /home/www/lweb/lweb.pl.ua/www/yii_link/framework/web/CController.php(869): SiteController->renderFile()
#1 /home/www/lweb/lweb.pl.ua/www/yii_link/framework/web/CController.php(782): SiteController->renderPartial()
#2 /home/www/lweb/lweb.pl.ua/www/yii_link/protected/controllers/SiteController.php(32): SiteController->render()
#3 /home/www/lweb/lweb.pl.ua/www/yii_link/framework/web/actions/CInlineAction.php(49): SiteController->actionIndex()
#4 /home/www/lweb/lweb.pl.ua/www/yii_link/framework/web/CController.php(308): CInlineAction->runWithParams()
#5 /home/www/lweb/lweb.pl.ua/www/yii_link/framework/web/CController.php(286): SiteController->runAction()
#6 /home/www/lweb/lweb.pl.ua/www/yii_link/framework/web/CController.php(265): SiteController->runActionWithFilters()
#7 /home/www/lweb/lweb.pl.ua/www/yii_link/framework/web/CWebApplication.php(282): SiteController->run()
#8 /home/www/lweb/lweb.pl.ua/www/yii_link/framework/web/CWebApplication.php(141): CWebApplication->runController()
#9 /home/www/lweb/lweb.pl.ua/www/yii_link/framework/base/CApplication.php(180): CWebApplication->processRequest()
#10 /home/www/lweb/lweb.pl.ua/www/yii_link/index.php(13): CWebApplication->run()
REQUEST_URI=/yii_link/
in /home/www/lweb/lweb.pl.ua/www/yii_link/protected/views/site/index.php (24)
in /home/www/lweb/lweb.pl.ua/www/yii_link/protected/controllers/SiteController.php (32)
in /home/www/lweb/lweb.pl.ua/www/yii_link/index.php (13)
2014/05/24 12:42:09 [error] [exception.CHttpException.404] exception 'CHttpException' with message 'Unable to resolve the request "ывавы".' in /home/www/lweb/lweb.pl.ua/www/yii_link/framework/web/CWebApplication.php:286
Stack trace:
#0 /home/www/lweb/lweb.pl.ua/www/yii_link/framework/web/CWebApplication.php(141): CWebApplication->runController('??????????')
#1 /home/www/lweb/lweb.pl.ua/www/yii_link/framework/base/CApplication.php(180): CWebApplication->processRequest()
#2 /home/www/lweb/lweb.pl.ua/www/yii_link/index.php(13): CApplication->run()
#3 {main}
REQUEST_URI=/yii_link/%D1%8B%D0%B2%D0%B0%D0%B2%D1%8B
---
2014/05/24 13:32:39 [error] [exception.CHttpException.404] exception 'CHttpException' with message 'Unable to resolve the request "ajax".' in /home/www/lweb/lweb.pl.ua/www/yii_link/framework/web/CWebApplication.php:286
Stack trace:
#0 /home/www/lweb/lweb.pl.ua/www/yii_link/framework/web/CWebApplication.php(141): CWebApplication->runController('ajax')
#1 /home/www/lweb/lweb.pl.ua/www/yii_link/framework/base/CApplication.php(180): CWebApplication->processRequest()
#2 /home/www/lweb/lweb.pl.ua/www/yii_link/index.php(13): CApplication->run()
#3 {main}
REQUEST_URI=/yii_link/ajax
---
2014/05/24 13:32:49 [error] [exception.CHttpException.404] exception 'CHttpException' with message 'The system is unable to find the requested action "ajax".' in /home/www/lweb/lweb.pl.ua/www/yii_link/framework/web/CController.php:483
Stack trace:
#0 /home/www/lweb/lweb.pl.ua/www/yii_link/framework/web/CController.php(270): CController->missingAction('ajax')
#1 /home/www/lweb/lweb.pl.ua/www/yii_link/framework/web/CWebApplication.php(282): CController->run('ajax')
#2 /home/www/lweb/lweb.pl.ua/www/yii_link/framework/web/CWebApplication.php(141): CWebApplication->runController('site/ajax')
#3 /home/www/lweb/lweb.pl.ua/www/yii_link/framework/base/CApplication.php(180): CWebApplication->processRequest()
#4 /home/www/lweb/lweb.pl.ua/www/yii_link/index.php(13): CApplication->run()
#5 {main}
REQUEST_URI=/yii_link/site/ajax
---
2014/05/24 13:33:04 [error] [exception.CHttpException.404] exception 'CHttpException' with message 'Unable to resolve the request "ajax".' in /home/www/lweb/lweb.pl.ua/www/yii_link/framework/web/CWebApplication.php:286
Stack trace:
#0 /home/www/lweb/lweb.pl.ua/www/yii_link/framework/web/CWebApplication.php(141): CWebApplication->runController('ajax')
#1 /home/www/lweb/lweb.pl.ua/www/yii_link/framework/base/CApplication.php(180): CWebApplication->processRequest()
#2 /home/www/lweb/lweb.pl.ua/www/yii_link/index.php(13): CApplication->run()
#3 {main}
REQUEST_URI=/yii_link/ajax
---
2014/05/24 13:40:02 [error] [exception.CException] exception 'CException' with message 'AjaxController cannot find the requested view "form".' in /home/www/lweb/lweb.pl.ua/www/yii_link/framework/web/CController.php:878
Stack trace:
#0 /home/www/lweb/lweb.pl.ua/www/yii_link/framework/web/CController.php(782): CController->renderPartial('form', Array, true)
#1 /home/www/lweb/lweb.pl.ua/www/yii_link/protected/controllers/AjaxController.php(22): CController->render('form', Array)
#2 /home/www/lweb/lweb.pl.ua/www/yii_link/framework/web/actions/CInlineAction.php(49): AjaxController->actionIndex()
#3 /home/www/lweb/lweb.pl.ua/www/yii_link/framework/web/CController.php(308): CInlineAction->runWithParams(Array)
#4 /home/www/lweb/lweb.pl.ua/www/yii_link/framework/web/CController.php(286): CController->runAction(Object(CInlineAction))
#5 /home/www/lweb/lweb.pl.ua/www/yii_link/framework/web/CController.php(265): CController->runActionWithFilters(Object(CInlineAction), Array)
#6 /home/www/lweb/lweb.pl.ua/www/yii_link/framework/web/CWebApplication.php(282): CController->run('')
#7 /home/www/lweb/lweb.pl.ua/www/yii_link/framework/web/CWebApplication.php(141): CWebApplication->runController('ajax')
#8 /home/www/lweb/lweb.pl.ua/www/yii_link/framework/base/CApplication.php(180): CWebApplication->processRequest()
#9 /home/www/lweb/lweb.pl.ua/www/yii_link/index.php(13): CApplication->run()
#10 {main}
REQUEST_URI=/yii_link/ajax
HTTP_REFERER=http://lweb.my/yii_link/gii/controller/index
---
2014/05/24 13:46:37 [error] [exception.CHttpException.404] exception 'CHttpException' with message 'Unable to resolve the request "details".' in /home/www/lweb/lweb.pl.ua/www/yii_link/framework/web/CWebApplication.php:286
Stack trace:
#0 /home/www/lweb/lweb.pl.ua/www/yii_link/framework/web/CWebApplication.php(141): CWebApplication->runController('details')
#1 /home/www/lweb/lweb.pl.ua/www/yii_link/framework/base/CApplication.php(180): CWebApplication->processRequest()
#2 /home/www/lweb/lweb.pl.ua/www/yii_link/index.php(13): CApplication->run()
#3 {main}
REQUEST_URI=/yii_link/details
---
2014/05/24 13:47:26 [error] [exception.CHttpException.404] exception 'CHttpException' with message 'Unable to resolve the request "details".' in /home/www/lweb/lweb.pl.ua/www/yii_link/framework/web/CWebApplication.php:286
Stack trace:
#0 /home/www/lweb/lweb.pl.ua/www/yii_link/framework/web/CWebApplication.php(141): CWebApplication->runController('details')
#1 /home/www/lweb/lweb.pl.ua/www/yii_link/framework/base/CApplication.php(180): CWebApplication->processRequest()
#2 /home/www/lweb/lweb.pl.ua/www/yii_link/index.php(13): CApplication->run()
#3 {main}
REQUEST_URI=/yii_link/details
---
2014/05/24 14:46:33 [error] [exception.CHttpException.404] exception 'CHttpException' with message 'Unable to resolve the request "sdf".' in /home/www/lweb/lweb.pl.ua/www/yii_link/framework/web/CWebApplication.php:286
Stack trace:
#0 /home/www/lweb/lweb.pl.ua/www/yii_link/framework/web/CWebApplication.php(141): CWebApplication->runController('sdf')
#1 /home/www/lweb/lweb.pl.ua/www/yii_link/framework/base/CApplication.php(180): CWebApplication->processRequest()
#2 /home/www/lweb/lweb.pl.ua/www/yii_link/index.php(13): CApplication->run()
#3 {main}
REQUEST_URI=/yii_link/sdf
---
2014/05/24 14:47:21 [error] [exception.CHttpException.404] exception 'CHttpException' with message 'Unable to resolve the request "dd".' in /home/www/lweb/lweb.pl.ua/www/yii_link/framework/web/CWebApplication.php:286
Stack trace:
#0 /home/www/lweb/lweb.pl.ua/www/yii_link/framework/web/CWebApplication.php(141): CWebApplication->runController('dd')
#1 /home/www/lweb/lweb.pl.ua/www/yii_link/framework/base/CApplication.php(180): CWebApplication->processRequest()
#2 /home/www/lweb/lweb.pl.ua/www/yii_link/index.php(13): CApplication->run()
#3 {main}
REQUEST_URI=/yii_link/dd
---
2014/05/24 14:47:26 [error] [exception.CHttpException.404] exception 'CHttpException' with message 'Unable to resolve the request "Dd".' in /home/www/lweb/lweb.pl.ua/www/yii_link/framework/web/CWebApplication.php:286
Stack trace:
#0 /home/www/lweb/lweb.pl.ua/www/yii_link/framework/web/CWebApplication.php(141): CWebApplication->runController('Dd')
#1 /home/www/lweb/lweb.pl.ua/www/yii_link/framework/base/CApplication.php(180): CWebApplication->processRequest()
#2 /home/www/lweb/lweb.pl.ua/www/yii_link/index.php(13): CApplication->run()
#3 {main}
REQUEST_URI=/yii_link/Dd
---
2014/05/24 15:10:01 [error] [exception.CHttpException.404] exception 'CHttpException' with message 'Unable to resolve the request "Dd".' in /home/www/lweb/lweb.pl.ua/www/yii_link/framework/web/CWebApplication.php:286
Stack trace:
#0 /home/www/lweb/lweb.pl.ua/www/yii_link/framework/web/CWebApplication.php(141): CWebApplication->runController('Dd')
#1 /home/www/lweb/lweb.pl.ua/www/yii_link/framework/base/CApplication.php(180): CWebApplication->processRequest()
#2 /home/www/lweb/lweb.pl.ua/www/yii_link/index.php(13): CApplication->run()
#3 {main}
REQUEST_URI=/yii_link/Dd
---
2014/05/24 15:41:39 [error] [exception.CHttpException.404] exception 'CHttpException' with message 'The system is unable to find the requested action "Ddd".' in /home/www/lweb/lweb.pl.ua/www/yii_link/framework/web/CController.php:483
Stack trace:
#0 /home/www/lweb/lweb.pl.ua/www/yii_link/framework/web/CController.php(270): CController->missingAction('Ddd')
#1 /home/www/lweb/lweb.pl.ua/www/yii_link/framework/web/CWebApplication.php(282): CController->run('Ddd')
#2 /home/www/lweb/lweb.pl.ua/www/yii_link/framework/web/CWebApplication.php(141): CWebApplication->runController('site/Ddd')
#3 /home/www/lweb/lweb.pl.ua/www/yii_link/framework/base/CApplication.php(180): CWebApplication->processRequest()
#4 /home/www/lweb/lweb.pl.ua/www/yii_link/index.php(13): CApplication->run()
#5 {main}
REQUEST_URI=/yii_link/site/Ddd
---
2014/05/24 15:41:44 [error] [exception.CHttpException.404] exception 'CHttpException' with message 'Unable to resolve the request "Ddd".' in /home/www/lweb/lweb.pl.ua/www/yii_link/framework/web/CWebApplication.php:286
Stack trace:
#0 /home/www/lweb/lweb.pl.ua/www/yii_link/framework/web/CWebApplication.php(141): CWebApplication->runController('Ddd')
#1 /home/www/lweb/lweb.pl.ua/www/yii_link/framework/base/CApplication.php(180): CWebApplication->processRequest()
#2 /home/www/lweb/lweb.pl.ua/www/yii_link/index.php(13): CApplication->run()
#3 {main}
REQUEST_URI=/yii_link/Ddd
---
2014/05/24 15:53:41 [error] [exception.CHttpException.404] exception 'CHttpException' with message 'The system is unable to find the requested action "Dd".' in /home/www/lweb/lweb.pl.ua/www/yii_link/framework/web/CController.php:483
Stack trace:
#0 /home/www/lweb/lweb.pl.ua/www/yii_link/framework/web/CController.php(270): CController->missingAction('Dd')
#1 /home/www/lweb/lweb.pl.ua/www/yii_link/framework/web/CWebApplication.php(282): CController->run('Dd')
#2 /home/www/lweb/lweb.pl.ua/www/yii_link/framework/web/CWebApplication.php(141): CWebApplication->runController('site/Dd')
#3 /home/www/lweb/lweb.pl.ua/www/yii_link/framework/base/CApplication.php(180): CWebApplication->processRequest()
#4 /home/www/lweb/lweb.pl.ua/www/yii_link/index.php(13): CApplication->run()
#5 {main}
REQUEST_URI=/yii_link/Dd
---
2014/05/24 15:54:32 [error] [exception.CHttpException.404] exception 'CHttpException' with message 'Unable to resolve the request "Dd".' in /home/www/lweb/lweb.pl.ua/www/yii_link/framework/web/CWebApplication.php:286
Stack trace:
#0 /home/www/lweb/lweb.pl.ua/www/yii_link/framework/web/CWebApplication.php(141): CWebApplication->runController('Dd')
#1 /home/www/lweb/lweb.pl.ua/www/yii_link/framework/base/CApplication.php(180): CWebApplication->processRequest()
#2 /home/www/lweb/lweb.pl.ua/www/yii_link/index.php(13): CApplication->run()
#3 {main}
REQUEST_URI=/yii_link/Dd
---
2014/05/24 15:54:43 [error] [exception.CHttpException.404] exception 'CHttpException' with message 'Unable to resolve the request "Dd".' in /home/www/lweb/lweb.pl.ua/www/yii_link/framework/web/CWebApplication.php:286
Stack trace:
#0 /home/www/lweb/lweb.pl.ua/www/yii_link/framework/web/CWebApplication.php(141): CWebApplication->runController('Dd')
#1 /home/www/lweb/lweb.pl.ua/www/yii_link/framework/base/CApplication.php(180): CWebApplication->processRequest()
#2 /home/www/lweb/lweb.pl.ua/www/yii_link/index.php(13): CApplication->run()
#3 {main}
REQUEST_URI=/yii_link/Dd
---
2014/05/24 15:56:44 [error] [exception.CHttpException.404] exception 'CHttpException' with message 'Unable to resolve the request "Dd/<action>".' in /home/www/lweb/lweb.pl.ua/www/yii_link/framework/web/CWebApplication.php:286
Stack trace:
#0 /home/www/lweb/lweb.pl.ua/www/yii_link/framework/web/CWebApplication.php(141): CWebApplication->runController('Dd/<action>')
#1 /home/www/lweb/lweb.pl.ua/www/yii_link/framework/base/CApplication.php(180): CWebApplication->processRequest()
#2 /home/www/lweb/lweb.pl.ua/www/yii_link/index.php(13): CApplication->run()
#3 {main}
REQUEST_URI=/yii_link/Dd
---
2014/05/24 15:57:27 [error] [exception.CHttpException.404] exception 'CHttpException' with message 'Unable to resolve the request "Dd/<action:\w>".' in /home/www/lweb/lweb.pl.ua/www/yii_link/framework/web/CWebApplication.php:286
Stack trace:
#0 /home/www/lweb/lweb.pl.ua/www/yii_link/framework/web/CWebApplication.php(141): CWebApplication->runController('Dd/<action:\w>')
#1 /home/www/lweb/lweb.pl.ua/www/yii_link/framework/base/CApplication.php(180): CWebApplication->processRequest()
#2 /home/www/lweb/lweb.pl.ua/www/yii_link/index.php(13): CApplication->run()
#3 {main}
REQUEST_URI=/yii_link/Dd
---
2014/05/24 15:57:45 [error] [exception.CHttpException.404] exception 'CHttpException' with message 'The system is unable to find the requested action "<action:\w>".' in /home/www/lweb/lweb.pl.ua/www/yii_link/framework/web/CController.php:483
Stack trace:
#0 /home/www/lweb/lweb.pl.ua/www/yii_link/framework/web/CController.php(270): CController->missingAction('<action:\w>')
#1 /home/www/lweb/lweb.pl.ua/www/yii_link/framework/web/CWebApplication.php(282): CController->run('<action:\w>')
#2 /home/www/lweb/lweb.pl.ua/www/yii_link/framework/web/CWebApplication.php(141): CWebApplication->runController('site/<action:\w...')
#3 /home/www/lweb/lweb.pl.ua/www/yii_link/framework/base/CApplication.php(180): CWebApplication->processRequest()
#4 /home/www/lweb/lweb.pl.ua/www/yii_link/index.php(13): CApplication->run()
#5 {main}
REQUEST_URI=/yii_link/Dd
---
2014/05/24 15:58:46 [error] [exception.CHttpException.404] exception 'CHttpException' with message 'Unable to resolve the request "<controller:\w+>/Dd".' in /home/www/lweb/lweb.pl.ua/www/yii_link/framework/web/CWebApplication.php:286
Stack trace:
#0 /home/www/lweb/lweb.pl.ua/www/yii_link/framework/web/CWebApplication.php(141): CWebApplication->runController('<controller:\w+...')
#1 /home/www/lweb/lweb.pl.ua/www/yii_link/framework/base/CApplication.php(180): CWebApplication->processRequest()
#2 /home/www/lweb/lweb.pl.ua/www/yii_link/index.php(13): CApplication->run()
#3 {main}
REQUEST_URI=/yii_link/Dd
---
2014/05/24 16:01:18 [error] [exception.CHttpException.404] exception 'CHttpException' with message 'The system is unable to find the requested action "<action:\w+>".' in /home/www/lweb/lweb.pl.ua/www/yii_link/framework/web/CController.php:483
Stack trace:
#0 /home/www/lweb/lweb.pl.ua/www/yii_link/framework/web/CController.php(270): CController->missingAction('<action:\w+>')
#1 /home/www/lweb/lweb.pl.ua/www/yii_link/framework/web/CWebApplication.php(282): CController->run('<action:\w+>')
#2 /home/www/lweb/lweb.pl.ua/www/yii_link/framework/web/CWebApplication.php(141): CWebApplication->runController('site/<action:\w...')
#3 /home/www/lweb/lweb.pl.ua/www/yii_link/framework/base/CApplication.php(180): CWebApplication->processRequest()
#4 /home/www/lweb/lweb.pl.ua/www/yii_link/index.php(13): CApplication->run()
#5 {main}
REQUEST_URI=/yii_link/Dd
---
2014/05/24 16:02:00 [error] [exception.CHttpException.404] exception 'CHttpException' with message 'Unable to resolve the request "Dd/<action>".' in /home/www/lweb/lweb.pl.ua/www/yii_link/framework/web/CWebApplication.php:286
Stack trace:
#0 /home/www/lweb/lweb.pl.ua/www/yii_link/framework/web/CWebApplication.php(141): CWebApplication->runController('Dd/<action>')
#1 /home/www/lweb/lweb.pl.ua/www/yii_link/framework/base/CApplication.php(180): CWebApplication->processRequest()
#2 /home/www/lweb/lweb.pl.ua/www/yii_link/index.php(13): CApplication->run()
#3 {main}
REQUEST_URI=/yii_link/Dd
---
2014/05/24 16:04:00 [error] [exception.CHttpException.404] exception 'CHttpException' with message 'Unable to resolve the request "Dd/<action:\w+>".' in /home/www/lweb/lweb.pl.ua/www/yii_link/framework/web/CWebApplication.php:286
Stack trace:
#0 /home/www/lweb/lweb.pl.ua/www/yii_link/framework/web/CWebApplication.php(141): CWebApplication->runController('Dd/<action:\w+>')
#1 /home/www/lweb/lweb.pl.ua/www/yii_link/framework/base/CApplication.php(180): CWebApplication->processRequest()
#2 /home/www/lweb/lweb.pl.ua/www/yii_link/index.php(13): CApplication->run()
#3 {main}
REQUEST_URI=/yii_link/Dd
---
2014/05/24 16:04:21 [error] [exception.CHttpException.404] exception 'CHttpException' with message 'Unable to resolve the request "Dd".' in /home/www/lweb/lweb.pl.ua/www/yii_link/framework/web/CWebApplication.php:286
Stack trace:
#0 /home/www/lweb/lweb.pl.ua/www/yii_link/framework/web/CWebApplication.php(141): CWebApplication->runController('Dd')
#1 /home/www/lweb/lweb.pl.ua/www/yii_link/framework/base/CApplication.php(180): CWebApplication->processRequest()
#2 /home/www/lweb/lweb.pl.ua/www/yii_link/index.php(13): CApplication->run()
#3 {main}
REQUEST_URI=/yii_link/Dd
---
2014/05/24 16:04:24 [error] [exception.CHttpException.404] exception 'CHttpException' with message 'Unable to resolve the request "Dd".' in /home/www/lweb/lweb.pl.ua/www/yii_link/framework/web/CWebApplication.php:286
Stack trace:
#0 /home/www/lweb/lweb.pl.ua/www/yii_link/framework/web/CWebApplication.php(141): CWebApplication->runController('Dd')
#1 /home/www/lweb/lweb.pl.ua/www/yii_link/framework/base/CApplication.php(180): CWebApplication->processRequest()
#2 /home/www/lweb/lweb.pl.ua/www/yii_link/index.php(13): CApplication->run()
#3 {main}
REQUEST_URI=/yii_link/Dd
---
2014/05/24 16:12:16 [error] [exception.CHttpException.404] exception 'CHttpException' with message 'Unable to resolve the request "Dd".' in /home/www/lweb/lweb.pl.ua/www/yii_link/framework/web/CWebApplication.php:286
Stack trace:
#0 /home/www/lweb/lweb.pl.ua/www/yii_link/framework/web/CWebApplication.php(141): CWebApplication->runController('Dd')
#1 /home/www/lweb/lweb.pl.ua/www/yii_link/framework/base/CApplication.php(180): CWebApplication->processRequest()
#2 /home/www/lweb/lweb.pl.ua/www/yii_link/index.php(13): CApplication->run()
#3 {main}
REQUEST_URI=/yii_link/Dd
---
2014/05/24 16:12:52 [error] [exception.CHttpException.404] exception 'CHttpException' with message 'Unable to resolve the request "Dd/Dd".' in /home/www/lweb/lweb.pl.ua/www/yii_link/framework/web/CWebApplication.php:286
Stack trace:
#0 /home/www/lweb/lweb.pl.ua/www/yii_link/framework/web/CWebApplication.php(141): CWebApplication->runController('Dd/Dd')
#1 /home/www/lweb/lweb.pl.ua/www/yii_link/framework/base/CApplication.php(180): CWebApplication->processRequest()
#2 /home/www/lweb/lweb.pl.ua/www/yii_link/index.php(13): CApplication->run()
#3 {main}
REQUEST_URI=/yii_link/Dd
---
2014/05/24 16:13:49 [error] [exception.CHttpException.404] exception 'CHttpException' with message 'Unable to resolve the request "Dd/Dd".' in /home/www/lweb/lweb.pl.ua/www/yii_link/framework/web/CWebApplication.php:286
Stack trace:
#0 /home/www/lweb/lweb.pl.ua/www/yii_link/framework/web/CWebApplication.php(141): CWebApplication->runController('Dd/Dd')
#1 /home/www/lweb/lweb.pl.ua/www/yii_link/framework/base/CApplication.php(180): CWebApplication->processRequest()
#2 /home/www/lweb/lweb.pl.ua/www/yii_link/index.php(13): CApplication->run()
#3 {main}
REQUEST_URI=/yii_link/Dd
---
2014/05/24 16:14:43 [error] [exception.CHttpException.404] exception 'CHttpException' with message 'Unable to resolve the request "Dd/<action>".' in /home/www/lweb/lweb.pl.ua/www/yii_link/framework/web/CWebApplication.php:286
Stack trace:
#0 /home/www/lweb/lweb.pl.ua/www/yii_link/framework/web/CWebApplication.php(141): CWebApplication->runController('Dd/<action>')
#1 /home/www/lweb/lweb.pl.ua/www/yii_link/framework/base/CApplication.php(180): CWebApplication->processRequest()
#2 /home/www/lweb/lweb.pl.ua/www/yii_link/index.php(13): CApplication->run()
#3 {main}
REQUEST_URI=/yii_link/Dd
---
2014/05/24 16:22:04 [error] [exception.CHttpException.404] exception 'CHttpException' with message 'The system is unable to find the requested action "sdfds".' in /home/www/lweb/lweb.pl.ua/www/yii_link/framework/web/CController.php:483
Stack trace:
#0 /home/www/lweb/lweb.pl.ua/www/yii_link/framework/web/CController.php(270): CController->missingAction('sdfds')
#1 /home/www/lweb/lweb.pl.ua/www/yii_link/framework/web/CWebApplication.php(282): CController->run('sdfds')
#2 /home/www/lweb/lweb.pl.ua/www/yii_link/framework/web/CWebApplication.php(141): CWebApplication->runController('site/sdfds')
#3 /home/www/lweb/lweb.pl.ua/www/yii_link/framework/base/CApplication.php(180): CWebApplication->processRequest()
#4 /home/www/lweb/lweb.pl.ua/www/yii_link/index.php(13): CApplication->run()
#5 {main}
REQUEST_URI=/yii_link/site/sdfds
---
2014/05/24 16:25:28 [error] [exception.CHttpException.404] exception 'CHttpException' with message 'The system is unable to find the requested action "sd".' in /home/www/lweb/lweb.pl.ua/www/yii_link/framework/web/CController.php:483
Stack trace:
#0 /home/www/lweb/lweb.pl.ua/www/yii_link/framework/web/CController.php(270): CController->missingAction('sd')
#1 /home/www/lweb/lweb.pl.ua/www/yii_link/framework/web/CWebApplication.php(282): CController->run('sd')
#2 /home/www/lweb/lweb.pl.ua/www/yii_link/framework/web/CWebApplication.php(141): CWebApplication->runController('site/sd')
#3 /home/www/lweb/lweb.pl.ua/www/yii_link/framework/base/CApplication.php(180): CWebApplication->processRequest()
#4 /home/www/lweb/lweb.pl.ua/www/yii_link/index.php(13): CApplication->run()
#5 {main}
REQUEST_URI=/yii_link/site/sd
---
2014/05/24 16:25:55 [error] [exception.CHttpException.404] exception 'CHttpException' with message 'The system is unable to find the requested action "site".' in /home/www/lweb/lweb.pl.ua/www/yii_link/framework/web/CController.php:483
Stack trace:
#0 /home/www/lweb/lweb.pl.ua/www/yii_link/framework/web/CController.php(270): CController->missingAction('site')
#1 /home/www/lweb/lweb.pl.ua/www/yii_link/framework/web/CWebApplication.php(282): CController->run('site')
#2 /home/www/lweb/lweb.pl.ua/www/yii_link/framework/web/CWebApplication.php(141): CWebApplication->runController('site/site/detai...')
#3 /home/www/lweb/lweb.pl.ua/www/yii_link/framework/base/CApplication.php(180): CWebApplication->processRequest()
#4 /home/www/lweb/lweb.pl.ua/www/yii_link/index.php(13): CApplication->run()
#5 {main}
REQUEST_URI=/yii_link/site/site/details
HTTP_REFERER=http://lweb.my/yii_link/site/Dd
---
2014/05/24 16:26:29 [error] [exception.CHttpException.404] exception 'CHttpException' with message 'Unable to resolve the request "sdfsd/sdf".' in /home/www/lweb/lweb.pl.ua/www/yii_link/framework/web/CWebApplication.php:286
Stack trace:
#0 /home/www/lweb/lweb.pl.ua/www/yii_link/framework/web/CWebApplication.php(141): CWebApplication->runController('sdfsd/sdf')
#1 /home/www/lweb/lweb.pl.ua/www/yii_link/framework/base/CApplication.php(180): CWebApplication->processRequest()
#2 /home/www/lweb/lweb.pl.ua/www/yii_link/index.php(13): CApplication->run()
#3 {main}
REQUEST_URI=/yii_link/sdfsd/sdf
---
2014/05/24 16:26:35 [error] [exception.CHttpException.404] exception 'CHttpException' with message 'Unable to resolve the request "dd/dd".' in /home/www/lweb/lweb.pl.ua/www/yii_link/framework/web/CWebApplication.php:286
Stack trace:
#0 /home/www/lweb/lweb.pl.ua/www/yii_link/framework/web/CWebApplication.php(141): CWebApplication->runController('dd/dd')
#1 /home/www/lweb/lweb.pl.ua/www/yii_link/framework/base/CApplication.php(180): CWebApplication->processRequest()
#2 /home/www/lweb/lweb.pl.ua/www/yii_link/index.php(13): CApplication->run()
#3 {main}
REQUEST_URI=/yii_link/dd/dd
---
2014/05/24 16:26:47 [error] [exception.CHttpException.404] exception 'CHttpException' with message 'Unable to resolve the request "dd/dd".' in /home/www/lweb/lweb.pl.ua/www/yii_link/framework/web/CWebApplication.php:286
Stack trace:
#0 /home/www/lweb/lweb.pl.ua/www/yii_link/framework/web/CWebApplication.php(141): CWebApplication->runController('dd/dd')
#1 /home/www/lweb/lweb.pl.ua/www/yii_link/framework/base/CApplication.php(180): CWebApplication->processRequest()
#2 /home/www/lweb/lweb.pl.ua/www/yii_link/index.php(13): CApplication->run()
#3 {main}
REQUEST_URI=/yii_link/dd/dd
---
2014/05/24 16:26:58 [error] [exception.CHttpException.404] exception 'CHttpException' with message 'The system is unable to find the requested action "site".' in /home/www/lweb/lweb.pl.ua/www/yii_link/framework/web/CController.php:483
Stack trace:
#0 /home/www/lweb/lweb.pl.ua/www/yii_link/framework/web/CController.php(270): CController->missingAction('site')
#1 /home/www/lweb/lweb.pl.ua/www/yii_link/framework/web/CWebApplication.php(282): CController->run('site')
#2 /home/www/lweb/lweb.pl.ua/www/yii_link/framework/web/CWebApplication.php(141): CWebApplication->runController('site/site/detai...')
#3 /home/www/lweb/lweb.pl.ua/www/yii_link/framework/base/CApplication.php(180): CWebApplication->processRequest()
#4 /home/www/lweb/lweb.pl.ua/www/yii_link/index.php(13): CApplication->run()
#5 {main}
REQUEST_URI=/yii_link/site/site/details
HTTP_REFERER=http://lweb.my/yii_link/site/Dd
---
2014/05/24 16:27:23 [error] [exception.CHttpException.404] exception 'CHttpException' with message 'The system is unable to find the requested action "site".' in /home/www/lweb/lweb.pl.ua/www/yii_link/framework/web/CController.php:483
Stack trace:
#0 /home/www/lweb/lweb.pl.ua/www/yii_link/framework/web/CController.php(270): CController->missingAction('site')
#1 /home/www/lweb/lweb.pl.ua/www/yii_link/framework/web/CWebApplication.php(282): CController->run('site')
#2 /home/www/lweb/lweb.pl.ua/www/yii_link/framework/web/CWebApplication.php(141): CWebApplication->runController('site/site/detai...')
#3 /home/www/lweb/lweb.pl.ua/www/yii_link/framework/base/CApplication.php(180): CWebApplication->processRequest()
#4 /home/www/lweb/lweb.pl.ua/www/yii_link/index.php(13): CApplication->run()
#5 {main}
REQUEST_URI=/yii_link/site/site/details
HTTP_REFERER=http://lweb.my/yii_link/site/Dd
---
2014/05/24 16:27:45 [error] [exception.CHttpException.404] exception 'CHttpException' with message 'The system is unable to find the requested action "site".' in /home/www/lweb/lweb.pl.ua/www/yii_link/framework/web/CController.php:483
Stack trace:
#0 /home/www/lweb/lweb.pl.ua/www/yii_link/framework/web/CController.php(270): CController->missingAction('site')
#1 /home/www/lweb/lweb.pl.ua/www/yii_link/framework/web/CWebApplication.php(282): CController->run('site')
#2 /home/www/lweb/lweb.pl.ua/www/yii_link/framework/web/CWebApplication.php(141): CWebApplication->runController('site/site/detai...')
#3 /home/www/lweb/lweb.pl.ua/www/yii_link/framework/base/CApplication.php(180): CWebApplication->processRequest()
#4 /home/www/lweb/lweb.pl.ua/www/yii_link/index.php(13): CApplication->run()
#5 {main}
REQUEST_URI=/yii_link/site/site/details
HTTP_REFERER=http://lweb.my/yii_link/site/Dd
---
2014/05/24 16:46:50 [error] [exception.CHttpException.404] exception 'CHttpException' with message 'Unable to resolve the request "dfd/ffd".' in /home/www/lweb/lweb.pl.ua/www/yii_link/framework/web/CWebApplication.php:286
Stack trace:
#0 /home/www/lweb/lweb.pl.ua/www/yii_link/framework/web/CWebApplication.php(141): CWebApplication->runController('dfd/ffd')
#1 /home/www/lweb/lweb.pl.ua/www/yii_link/framework/base/CApplication.php(180): CWebApplication->processRequest()
#2 /home/www/lweb/lweb.pl.ua/www/yii_link/index.php(13): CApplication->run()
#3 {main}
REQUEST_URI=/yii_link/dfd/ffd
---
2014/05/24 20:14:43 [error] [exception.CHttpException.404] exception 'CHttpException' with message 'The system is unable to find the requested action "gii".' in /home/www/lweb/lweb.pl.ua/www/yii_link/framework/web/CController.php:483
Stack trace:
#0 /home/www/lweb/lweb.pl.ua/www/yii_link/framework/web/CController.php(270): CController->missingAction('gii')
#1 /home/www/lweb/lweb.pl.ua/www/yii_link/framework/web/CWebApplication.php(282): CController->run('gii')
#2 /home/www/lweb/lweb.pl.ua/www/yii_link/framework/web/CWebApplication.php(141): CWebApplication->runController('site/gii')
#3 /home/www/lweb/lweb.pl.ua/www/yii_link/framework/base/CApplication.php(180): CWebApplication->processRequest()
#4 /home/www/lweb/lweb.pl.ua/www/yii_link/index.php(13): CApplication->run()
#5 {main}
REQUEST_URI=/yii_link/site/gii
---
2014/05/24 20:16:27 [error] [exception.CHttpException.404] exception 'CHttpException' with message 'The system is unable to find the requested action "gii".' in /home/www/lweb/lweb.pl.ua/www/yii_link/framework/web/CController.php:483
Stack trace:
#0 /home/www/lweb/lweb.pl.ua/www/yii_link/framework/web/CController.php(270): CController->missingAction('gii')
#1 /home/www/lweb/lweb.pl.ua/www/yii_link/framework/web/CWebApplication.php(282): CController->run('gii')
#2 /home/www/lweb/lweb.pl.ua/www/yii_link/framework/web/CWebApplication.php(141): CWebApplication->runController('site/gii')
#3 /home/www/lweb/lweb.pl.ua/www/yii_link/framework/base/CApplication.php(180): CWebApplication->processRequest()
#4 /home/www/lweb/lweb.pl.ua/www/yii_link/index.php(13): CApplication->run()
#5 {main}
REQUEST_URI=/yii_link/site/gii
---
2014/05/24 20:16:38 [error] [exception.CHttpException.404] exception 'CHttpException' with message 'Unable to resolve the request "index/site/gii".' in /home/www/lweb/lweb.pl.ua/www/yii_link/framework/web/CWebApplication.php:286
Stack trace:
#0 /home/www/lweb/lweb.pl.ua/www/yii_link/framework/web/CWebApplication.php(141): CWebApplication->runController('index/site/gii')
#1 /home/www/lweb/lweb.pl.ua/www/yii_link/framework/base/CApplication.php(180): CWebApplication->processRequest()
#2 /home/www/lweb/lweb.pl.ua/www/yii_link/index.php(13): CApplication->run()
#3 {main}
REQUEST_URI=/yii_link/index/site/gii
---
2014/05/24 20:17:34 [error] [exception.CHttpException.404] exception 'CHttpException' with message 'Unable to resolve the request "index/site/gii".' in /home/www/lweb/lweb.pl.ua/www/yii_link/framework/web/CWebApplication.php:286
Stack trace:
#0 /home/www/lweb/lweb.pl.ua/www/yii_link/framework/web/CWebApplication.php(141): CWebApplication->runController('index/site/gii')
#1 /home/www/lweb/lweb.pl.ua/www/yii_link/framework/base/CApplication.php(180): CWebApplication->processRequest()
#2 /home/www/lweb/lweb.pl.ua/www/yii_link/index.php(13): CApplication->run()
#3 {main}
REQUEST_URI=/yii_link/index/site/gii
---
2014/05/24 20:38:35 [error] [exception.CHttpException.404] exception 'CHttpException' with message 'The system is unable to find the requested action "login".' in /home/www/lweb/lweb.pl.ua/www/yii_link/framework/web/CController.php:483
Stack trace:
#0 /home/www/lweb/lweb.pl.ua/www/yii_link/framework/web/CController.php(270): CController->missingAction('login')
#1 /home/www/lweb/lweb.pl.ua/www/yii_link/framework/web/CWebApplication.php(282): CController->run('login')
#2 /home/www/lweb/lweb.pl.ua/www/yii_link/framework/web/CWebApplication.php(141): CWebApplication->runController('site/login')
#3 /home/www/lweb/lweb.pl.ua/www/yii_link/framework/base/CApplication.php(180): CWebApplication->processRequest()
#4 /home/www/lweb/lweb.pl.ua/www/yii_link/index.php(13): CApplication->run()
#5 {main}
REQUEST_URI=/yii_link/site/login
HTTP_REFERER=http://lweb.my/yii_link/ajax
---
2014/05/24 20:38:41 [error] [exception.CHttpException.404] exception 'CHttpException' with message 'The system is unable to find the requested action "login".' in /home/www/lweb/lweb.pl.ua/www/yii_link/framework/web/CController.php:483
Stack trace:
#0 /home/www/lweb/lweb.pl.ua/www/yii_link/framework/web/CController.php(270): CController->missingAction('login')
#1 /home/www/lweb/lweb.pl.ua/www/yii_link/framework/web/CWebApplication.php(282): CController->run('login')
#2 /home/www/lweb/lweb.pl.ua/www/yii_link/framework/web/CWebApplication.php(141): CWebApplication->runController('site/login')
#3 /home/www/lweb/lweb.pl.ua/www/yii_link/framework/base/CApplication.php(180): CWebApplication->processRequest()
#4 /home/www/lweb/lweb.pl.ua/www/yii_link/index.php(13): CApplication->run()
#5 {main}
REQUEST_URI=/yii_link/site/login
HTTP_REFERER=http://lweb.my/yii_link/ajax
---
2014/05/24 20:43:29 [error] [php] Undefined variable: input (/home/www/lweb/lweb.pl.ua/www/yii_link/protected/views/site/index.php:22)
Stack trace:
#0 /home/www/lweb/lweb.pl.ua/www/yii_link/framework/web/CController.php(869): SiteController->renderFile()
#1 /home/www/lweb/lweb.pl.ua/www/yii_link/framework/web/CController.php(782): SiteController->renderPartial()
#2 /home/www/lweb/lweb.pl.ua/www/yii_link/protected/controllers/SiteController.php(32): SiteController->render()
#3 /home/www/lweb/lweb.pl.ua/www/yii_link/framework/web/actions/CInlineAction.php(49): SiteController->actionIndex()
#4 /home/www/lweb/lweb.pl.ua/www/yii_link/framework/web/CController.php(308): CInlineAction->runWithParams()
#5 /home/www/lweb/lweb.pl.ua/www/yii_link/framework/web/filters/CFilterChain.php(133): SiteController->runAction()
#6 /home/www/lweb/lweb.pl.ua/www/yii_link/framework/web/CController.php(291): CFilterChain->run()
#7 /home/www/lweb/lweb.pl.ua/www/yii_link/framework/web/CController.php(265): SiteController->runActionWithFilters()
#8 /home/www/lweb/lweb.pl.ua/www/yii_link/framework/web/CWebApplication.php(282): SiteController->run()
#9 /home/www/lweb/lweb.pl.ua/www/yii_link/framework/web/CWebApplication.php(141): CWebApplication->runController()
#10 /home/www/lweb/lweb.pl.ua/www/yii_link/framework/base/CApplication.php(180): CWebApplication->processRequest()
#11 /home/www/lweb/lweb.pl.ua/www/yii_link/index.php(13): CWebApplication->run()
REQUEST_URI=/yii_link/
in /home/www/lweb/lweb.pl.ua/www/yii_link/protected/views/site/index.php (22)
in /home/www/lweb/lweb.pl.ua/www/yii_link/protected/controllers/SiteController.php (32)
in /home/www/lweb/lweb.pl.ua/www/yii_link/index.php (13)
2014/05/25 08:25:10 [error] [exception.CException] exception 'CException' with message 'CHttpRequest and its behaviors do not have a method or closure named "baseUrl".' in /home/www/lweb/lweb.pl.ua/www/yii_link/framework/base/CComponent.php:266
Stack trace:
#0 /home/www/lweb/lweb.pl.ua/www/yii_link/protected/controllers/SiteController.php(54): CComponent->__call('baseUrl', Array)
#1 /home/www/lweb/lweb.pl.ua/www/yii_link/protected/controllers/SiteController.php(54): CHttpRequest->baseUrl()
#2 /home/www/lweb/lweb.pl.ua/www/yii_link/framework/web/actions/CInlineAction.php(49): SiteController->actionShortLink()
#3 /home/www/lweb/lweb.pl.ua/www/yii_link/framework/web/CController.php(308): CInlineAction->runWithParams(Array)
#4 /home/www/lweb/lweb.pl.ua/www/yii_link/framework/web/filters/CFilterChain.php(133): CController->runAction(Object(CInlineAction))
#5 /home/www/lweb/lweb.pl.ua/www/yii_link/framework/web/CController.php(291): CFilterChain->run()
#6 /home/www/lweb/lweb.pl.ua/www/yii_link/framework/web/CController.php(265): CController->runActionWithFilters(Object(CInlineAction), Array)
#7 /home/www/lweb/lweb.pl.ua/www/yii_link/framework/web/CWebApplication.php(282): CController->run('shortLink')
#8 /home/www/lweb/lweb.pl.ua/www/yii_link/framework/web/CWebApplication.php(141): CWebApplication->runController('site/shortLink')
#9 /home/www/lweb/lweb.pl.ua/www/yii_link/framework/base/CApplication.php(180): CWebApplication->processRequest()
#10 /home/www/lweb/lweb.pl.ua/www/yii_link/index.php(13): CApplication->run()
#11 {main}
REQUEST_URI=/yii_link/WBte5
HTTP_REFERER=http://lweb.my/yii_link/
---
2014/05/25 08:39:24 [error] [php] strpos() expects parameter 1 to be string, object given (/home/www/lweb/lweb.pl.ua/www/yii_link/framework/web/CHttpRequest.php:801)
Stack trace:
#0 /home/www/lweb/lweb.pl.ua/www/yii_link/protected/controllers/SiteController.php(54): SiteController->redirect()
#1 /home/www/lweb/lweb.pl.ua/www/yii_link/framework/web/actions/CInlineAction.php(49): SiteController->actionShortLink()
#2 /home/www/lweb/lweb.pl.ua/www/yii_link/framework/web/CController.php(308): CInlineAction->runWithParams()
#3 /home/www/lweb/lweb.pl.ua/www/yii_link/framework/web/filters/CFilterChain.php(133): SiteController->runAction()
#4 /home/www/lweb/lweb.pl.ua/www/yii_link/framework/web/CController.php(291): CFilterChain->run()
#5 /home/www/lweb/lweb.pl.ua/www/yii_link/framework/web/CController.php(265): SiteController->runActionWithFilters()
#6 /home/www/lweb/lweb.pl.ua/www/yii_link/framework/web/CWebApplication.php(282): SiteController->run()
#7 /home/www/lweb/lweb.pl.ua/www/yii_link/framework/web/CWebApplication.php(141): CWebApplication->runController()
#8 /home/www/lweb/lweb.pl.ua/www/yii_link/framework/base/CApplication.php(180): CWebApplication->processRequest()
#9 /home/www/lweb/lweb.pl.ua/www/yii_link/index.php(13): CWebApplication->run()
REQUEST_URI=/yii_link/WBte5
in /home/www/lweb/lweb.pl.ua/www/yii_link/protected/controllers/SiteController.php (54)
in /home/www/lweb/lweb.pl.ua/www/yii_link/index.php (13)
2014/05/25 08:48:33 [error] [php] strpos() expects parameter 1 to be string, object given (/home/www/lweb/lweb.pl.ua/www/yii_link/framework/web/CHttpRequest.php:801)
Stack trace:
#0 /home/www/lweb/lweb.pl.ua/www/yii_link/protected/controllers/SiteController.php(54): SiteController->redirect()
#1 /home/www/lweb/lweb.pl.ua/www/yii_link/framework/web/actions/CInlineAction.php(49): SiteController->actionShortLink()
#2 /home/www/lweb/lweb.pl.ua/www/yii_link/framework/web/CController.php(308): CInlineAction->runWithParams()
#3 /home/www/lweb/lweb.pl.ua/www/yii_link/framework/web/filters/CFilterChain.php(133): SiteController->runAction()
#4 /home/www/lweb/lweb.pl.ua/www/yii_link/framework/web/CController.php(291): CFilterChain->run()
#5 /home/www/lweb/lweb.pl.ua/www/yii_link/framework/web/CController.php(265): SiteController->runActionWithFilters()
#6 /home/www/lweb/lweb.pl.ua/www/yii_link/framework/web/CWebApplication.php(282): SiteController->run()
#7 /home/www/lweb/lweb.pl.ua/www/yii_link/framework/web/CWebApplication.php(141): CWebApplication->runController()
#8 /home/www/lweb/lweb.pl.ua/www/yii_link/framework/base/CApplication.php(180): CWebApplication->processRequest()
#9 /home/www/lweb/lweb.pl.ua/www/yii_link/index.php(13): CWebApplication->run()
REQUEST_URI=/yii_link/xC6un
in /home/www/lweb/lweb.pl.ua/www/yii_link/protected/controllers/SiteController.php (54)
in /home/www/lweb/lweb.pl.ua/www/yii_link/index.php (13)
2014/05/25 08:52:09 [error] [php] strpos() expects parameter 1 to be string, object given (/home/www/lweb/lweb.pl.ua/www/yii_link/framework/web/CHttpRequest.php:801)
Stack trace:
#0 /home/www/lweb/lweb.pl.ua/www/yii_link/protected/controllers/SiteController.php(55): SiteController->redirect()
#1 /home/www/lweb/lweb.pl.ua/www/yii_link/framework/web/actions/CInlineAction.php(49): SiteController->actionShortLink()
#2 /home/www/lweb/lweb.pl.ua/www/yii_link/framework/web/CController.php(308): CInlineAction->runWithParams()
#3 /home/www/lweb/lweb.pl.ua/www/yii_link/framework/web/filters/CFilterChain.php(133): SiteController->runAction()
#4 /home/www/lweb/lweb.pl.ua/www/yii_link/framework/web/CController.php(291): CFilterChain->run()
#5 /home/www/lweb/lweb.pl.ua/www/yii_link/framework/web/CController.php(265): SiteController->runActionWithFilters()
#6 /home/www/lweb/lweb.pl.ua/www/yii_link/framework/web/CWebApplication.php(282): SiteController->run()
#7 /home/www/lweb/lweb.pl.ua/www/yii_link/framework/web/CWebApplication.php(141): CWebApplication->runController()
#8 /home/www/lweb/lweb.pl.ua/www/yii_link/framework/base/CApplication.php(180): CWebApplication->processRequest()
#9 /home/www/lweb/lweb.pl.ua/www/yii_link/index.php(13): CWebApplication->run()
REQUEST_URI=/yii_link/EEPEH
in /home/www/lweb/lweb.pl.ua/www/yii_link/protected/controllers/SiteController.php (55)
in /home/www/lweb/lweb.pl.ua/www/yii_link/index.php (13)
2014/05/25 09:12:22 [error] [php] strpos() expects parameter 1 to be string, object given (/home/www/lweb/lweb.pl.ua/www/yii_link/framework/web/CHttpRequest.php:801)
Stack trace:
#0 /home/www/lweb/lweb.pl.ua/www/yii_link/protected/controllers/SiteController.php(55): SiteController->redirect()
#1 /home/www/lweb/lweb.pl.ua/www/yii_link/framework/web/actions/CInlineAction.php(49): SiteController->actionShortLink()
#2 /home/www/lweb/lweb.pl.ua/www/yii_link/framework/web/CController.php(308): CInlineAction->runWithParams()
#3 /home/www/lweb/lweb.pl.ua/www/yii_link/framework/web/filters/CFilterChain.php(133): SiteController->runAction()
#4 /home/www/lweb/lweb.pl.ua/www/yii_link/framework/web/CController.php(291): CFilterChain->run()
#5 /home/www/lweb/lweb.pl.ua/www/yii_link/framework/web/CController.php(265): SiteController->runActionWithFilters()
#6 /home/www/lweb/lweb.pl.ua/www/yii_link/framework/web/CWebApplication.php(282): SiteController->run()
#7 /home/www/lweb/lweb.pl.ua/www/yii_link/framework/web/CWebApplication.php(141): CWebApplication->runController()
#8 /home/www/lweb/lweb.pl.ua/www/yii_link/framework/base/CApplication.php(180): CWebApplication->processRequest()
#9 /home/www/lweb/lweb.pl.ua/www/yii_link/index.php(13): CWebApplication->run()
REQUEST_URI=/yii_link/EEPEH
in /home/www/lweb/lweb.pl.ua/www/yii_link/protected/controllers/SiteController.php (55)
in /home/www/lweb/lweb.pl.ua/www/yii_link/index.php (13)
2014/05/25 09:38:33 [error] [php] Trying to get property of non-object (/home/www/lweb/lweb.pl.ua/www/yii_link/protected/controllers/SiteController.php:51)
Stack trace:
#0 /home/www/lweb/lweb.pl.ua/www/yii_link/framework/web/filters/CFilterChain.php(133): SiteController->runAction()
#1 /home/www/lweb/lweb.pl.ua/www/yii_link/framework/web/CController.php(291): CFilterChain->run()
#2 /home/www/lweb/lweb.pl.ua/www/yii_link/framework/web/CController.php(265): SiteController->runActionWithFilters()
#3 /home/www/lweb/lweb.pl.ua/www/yii_link/framework/web/CWebApplication.php(282): SiteController->run()
#4 /home/www/lweb/lweb.pl.ua/www/yii_link/framework/web/CWebApplication.php(141): CWebApplication->runController()
#5 /home/www/lweb/lweb.pl.ua/www/yii_link/framework/base/CApplication.php(180): CWebApplication->processRequest()
#6 /home/www/lweb/lweb.pl.ua/www/yii_link/index.php(13): CWebApplication->run()
REQUEST_URI=/yii_link/WfLJX
in /home/www/lweb/lweb.pl.ua/www/yii_link/protected/controllers/SiteController.php (51)
in /home/www/lweb/lweb.pl.ua/www/yii_link/index.php (13)
2014/05/25 09:51:57 [error] [exception.CHttpException.404] exception 'CHttpException' with message 'Unable to resolve the request "~uA~8".' in /home/www/lweb/lweb.pl.ua/www/yii_link/framework/web/CWebApplication.php:286
Stack trace:
#0 /home/www/lweb/lweb.pl.ua/www/yii_link/framework/web/CWebApplication.php(141): CWebApplication->runController('~uA~8')
#1 /home/www/lweb/lweb.pl.ua/www/yii_link/framework/base/CApplication.php(180): CWebApplication->processRequest()
#2 /home/www/lweb/lweb.pl.ua/www/yii_link/index.php(13): CApplication->run()
#3 {main}
REQUEST_URI=/yii_link/~uA~8
HTTP_REFERER=http://lweb.my/yii_link/
---
2014/05/25 09:52:16 [error] [exception.CHttpException.404] exception 'CHttpException' with message 'Unable to resolve the request "~uA~8".' in /home/www/lweb/lweb.pl.ua/www/yii_link/framework/web/CWebApplication.php:286
Stack trace:
#0 /home/www/lweb/lweb.pl.ua/www/yii_link/framework/web/CWebApplication.php(141): CWebApplication->runController('~uA~8')
#1 /home/www/lweb/lweb.pl.ua/www/yii_link/framework/base/CApplication.php(180): CWebApplication->processRequest()
#2 /home/www/lweb/lweb.pl.ua/www/yii_link/index.php(13): CApplication->run()
#3 {main}
REQUEST_URI=/yii_link/~uA~8
HTTP_REFERER=http://lweb.my/yii_link/
---
2014/05/25 09:59:55 [error] [php] Object of class ajax could not be converted to string (/home/www/lweb/lweb.pl.ua/www/yii_link/protected/controllers/SiteController.php:59)
Stack trace:
#0 /home/www/lweb/lweb.pl.ua/www/yii_link/framework/web/filters/CFilterChain.php(133): SiteController->runAction()
#1 /home/www/lweb/lweb.pl.ua/www/yii_link/framework/web/CController.php(291): CFilterChain->run()
#2 /home/www/lweb/lweb.pl.ua/www/yii_link/framework/web/CController.php(265): SiteController->runActionWithFilters()
#3 /home/www/lweb/lweb.pl.ua/www/yii_link/framework/web/CWebApplication.php(282): SiteController->run()
#4 /home/www/lweb/lweb.pl.ua/www/yii_link/framework/web/CWebApplication.php(141): CWebApplication->runController()
#5 /home/www/lweb/lweb.pl.ua/www/yii_link/framework/base/CApplication.php(180): CWebApplication->processRequest()
#6 /home/www/lweb/lweb.pl.ua/www/yii_link/index.php(13): CWebApplication->run()
REQUEST_URI=/yii_link/5_4xz
in /home/www/lweb/lweb.pl.ua/www/yii_link/protected/controllers/SiteController.php (59)
in /home/www/lweb/lweb.pl.ua/www/yii_link/index.php (13)
2014/05/25 10:02:34 [error] [php] Object of class ajax could not be converted to string (/home/www/lweb/lweb.pl.ua/www/yii_link/protected/controllers/SiteController.php:59)
Stack trace:
#0 /home/www/lweb/lweb.pl.ua/www/yii_link/framework/web/filters/CFilterChain.php(133): SiteController->runAction()
#1 /home/www/lweb/lweb.pl.ua/www/yii_link/framework/web/CController.php(291): CFilterChain->run()
#2 /home/www/lweb/lweb.pl.ua/www/yii_link/framework/web/CController.php(265): SiteController->runActionWithFilters()
#3 /home/www/lweb/lweb.pl.ua/www/yii_link/framework/web/CWebApplication.php(282): SiteController->run()
#4 /home/www/lweb/lweb.pl.ua/www/yii_link/framework/web/CWebApplication.php(141): CWebApplication->runController()
#5 /home/www/lweb/lweb.pl.ua/www/yii_link/framework/base/CApplication.php(180): CWebApplication->processRequest()
#6 /home/www/lweb/lweb.pl.ua/www/yii_link/index.php(13): CWebApplication->run()
REQUEST_URI=/yii_link/Zh1ve
in /home/www/lweb/lweb.pl.ua/www/yii_link/protected/controllers/SiteController.php (59)
in /home/www/lweb/lweb.pl.ua/www/yii_link/index.php (13)
2014/05/25 10:04:24 [error] [php] Object of class ajax could not be converted to string (/home/www/lweb/lweb.pl.ua/www/yii_link/protected/controllers/SiteController.php:60)
Stack trace:
#0 /home/www/lweb/lweb.pl.ua/www/yii_link/framework/web/filters/CFilterChain.php(133): SiteController->runAction()
#1 /home/www/lweb/lweb.pl.ua/www/yii_link/framework/web/CController.php(291): CFilterChain->run()
#2 /home/www/lweb/lweb.pl.ua/www/yii_link/framework/web/CController.php(265): SiteController->runActionWithFilters()
#3 /home/www/lweb/lweb.pl.ua/www/yii_link/framework/web/CWebApplication.php(282): SiteController->run()
#4 /home/www/lweb/lweb.pl.ua/www/yii_link/framework/web/CWebApplication.php(141): CWebApplication->runController()
#5 /home/www/lweb/lweb.pl.ua/www/yii_link/framework/base/CApplication.php(180): CWebApplication->processRequest()
#6 /home/www/lweb/lweb.pl.ua/www/yii_link/index.php(13): CWebApplication->run()
REQUEST_URI=/yii_link/Zh1ve
in /home/www/lweb/lweb.pl.ua/www/yii_link/protected/controllers/SiteController.php (60)
in /home/www/lweb/lweb.pl.ua/www/yii_link/index.php (13)
2014/05/25 10:04:31 [error] [php] Object of class ajax could not be converted to string (/home/www/lweb/lweb.pl.ua/www/yii_link/protected/controllers/SiteController.php:60)
Stack trace:
#0 /home/www/lweb/lweb.pl.ua/www/yii_link/framework/web/filters/CFilterChain.php(133): SiteController->runAction()
#1 /home/www/lweb/lweb.pl.ua/www/yii_link/framework/web/CController.php(291): CFilterChain->run()
#2 /home/www/lweb/lweb.pl.ua/www/yii_link/framework/web/CController.php(265): SiteController->runActionWithFilters()
#3 /home/www/lweb/lweb.pl.ua/www/yii_link/framework/web/CWebApplication.php(282): SiteController->run()
#4 /home/www/lweb/lweb.pl.ua/www/yii_link/framework/web/CWebApplication.php(141): CWebApplication->runController()
#5 /home/www/lweb/lweb.pl.ua/www/yii_link/framework/base/CApplication.php(180): CWebApplication->processRequest()
#6 /home/www/lweb/lweb.pl.ua/www/yii_link/index.php(13): CWebApplication->run()
REQUEST_URI=/yii_link/zePca
in /home/www/lweb/lweb.pl.ua/www/yii_link/protected/controllers/SiteController.php (60)
in /home/www/lweb/lweb.pl.ua/www/yii_link/index.php (13)
2014/05/25 10:06:11 [error] [php] Object of class ajax could not be converted to string (/home/www/lweb/lweb.pl.ua/www/yii_link/protected/controllers/SiteController.php:60)
Stack trace:
#0 /home/www/lweb/lweb.pl.ua/www/yii_link/framework/web/filters/CFilterChain.php(133): SiteController->runAction()
#1 /home/www/lweb/lweb.pl.ua/www/yii_link/framework/web/CController.php(291): CFilterChain->run()
#2 /home/www/lweb/lweb.pl.ua/www/yii_link/framework/web/CController.php(265): SiteController->runActionWithFilters()
#3 /home/www/lweb/lweb.pl.ua/www/yii_link/framework/web/CWebApplication.php(282): SiteController->run()
#4 /home/www/lweb/lweb.pl.ua/www/yii_link/framework/web/CWebApplication.php(141): CWebApplication->runController()
#5 /home/www/lweb/lweb.pl.ua/www/yii_link/framework/base/CApplication.php(180): CWebApplication->processRequest()
#6 /home/www/lweb/lweb.pl.ua/www/yii_link/index.php(13): CWebApplication->run()
REQUEST_URI=/yii_link/zePca
in /home/www/lweb/lweb.pl.ua/www/yii_link/protected/controllers/SiteController.php (60)
in /home/www/lweb/lweb.pl.ua/www/yii_link/index.php (13)
2014/05/25 14:13:22 [error] [php] Undefined variable: real_link (/home/www/lweb/lweb.pl.ua/www/yii_link/protected/controllers/SiteController.php:58)
Stack trace:
#0 /home/www/lweb/lweb.pl.ua/www/yii_link/framework/web/filters/CFilterChain.php(133): SiteController->runAction()
#1 /home/www/lweb/lweb.pl.ua/www/yii_link/framework/web/CController.php(291): CFilterChain->run()
#2 /home/www/lweb/lweb.pl.ua/www/yii_link/framework/web/CController.php(265): SiteController->runActionWithFilters()
#3 /home/www/lweb/lweb.pl.ua/www/yii_link/framework/web/CWebApplication.php(282): SiteController->run()
#4 /home/www/lweb/lweb.pl.ua/www/yii_link/framework/web/CWebApplication.php(141): CWebApplication->runController()
#5 /home/www/lweb/lweb.pl.ua/www/yii_link/framework/base/CApplication.php(180): CWebApplication->processRequest()
#6 /home/www/lweb/lweb.pl.ua/www/yii_link/index.php(13): CWebApplication->run()
REQUEST_URI=/yii_link/SB7cB
in /home/www/lweb/lweb.pl.ua/www/yii_link/protected/controllers/SiteController.php (58)
in /home/www/lweb/lweb.pl.ua/www/yii_link/index.php (13)
2014/05/25 20:55:55 [error] [php] Undefined variable: link_redirect (/home/www/lweb/lweb.pl.ua/www/yii_link/protected/controllers/SiteController.php:57)
Stack trace:
#0 /home/www/lweb/lweb.pl.ua/www/yii_link/framework/web/filters/CFilterChain.php(133): SiteController->runAction()
#1 /home/www/lweb/lweb.pl.ua/www/yii_link/framework/web/CController.php(291): CFilterChain->run()
#2 /home/www/lweb/lweb.pl.ua/www/yii_link/framework/web/CController.php(265): SiteController->runActionWithFilters()
#3 /home/www/lweb/lweb.pl.ua/www/yii_link/framework/web/CWebApplication.php(282): SiteController->run()
#4 /home/www/lweb/lweb.pl.ua/www/yii_link/framework/web/CWebApplication.php(141): CWebApplication->runController()
#5 /home/www/lweb/lweb.pl.ua/www/yii_link/framework/base/CApplication.php(180): CWebApplication->processRequest()
#6 /home/www/lweb/lweb.pl.ua/www/yii_link/index.php(13): CWebApplication->run()
REQUEST_URI=/yii_link/SB7cB
in /home/www/lweb/lweb.pl.ua/www/yii_link/protected/controllers/SiteController.php (57)
in /home/www/lweb/lweb.pl.ua/www/yii_link/index.php (13)
2014/05/25 20:57:21 [error] [exception.CHttpException.404] exception 'CHttpException' with message 'Unable to resolve the request "www.mail.ru".' in /home/www/lweb/lweb.pl.ua/www/yii_link/framework/web/CWebApplication.php:286
Stack trace:
#0 /home/www/lweb/lweb.pl.ua/www/yii_link/framework/web/CWebApplication.php(141): CWebApplication->runController('www.mail.ru')
#1 /home/www/lweb/lweb.pl.ua/www/yii_link/framework/base/CApplication.php(180): CWebApplication->processRequest()
#2 /home/www/lweb/lweb.pl.ua/www/yii_link/index.php(13): CApplication->run()
#3 {main}
REQUEST_URI=/yii_link/www.mail.ru
---
2014/05/25 20:57:41 [error] [exception.CHttpException.404] exception 'CHttpException' with message 'Unable to resolve the request "www.mail.ru".' in /home/www/lweb/lweb.pl.ua/www/yii_link/framework/web/CWebApplication.php:286
Stack trace:
#0 /home/www/lweb/lweb.pl.ua/www/yii_link/framework/web/CWebApplication.php(141): CWebApplication->runController('www.mail.ru')
#1 /home/www/lweb/lweb.pl.ua/www/yii_link/framework/base/CApplication.php(180): CWebApplication->processRequest()
#2 /home/www/lweb/lweb.pl.ua/www/yii_link/index.php(13): CApplication->run()
#3 {main}
REQUEST_URI=/yii_link/www.mail.ru
---
2014/05/25 20:59:10 [error] [exception.CHttpException.404] exception 'CHttpException' with message 'Unable to resolve the request "www.mail.ru".' in /home/www/lweb/lweb.pl.ua/www/yii_link/framework/web/CWebApplication.php:286
Stack trace:
#0 /home/www/lweb/lweb.pl.ua/www/yii_link/framework/web/CWebApplication.php(141): CWebApplication->runController('www.mail.ru')
#1 /home/www/lweb/lweb.pl.ua/www/yii_link/framework/base/CApplication.php(180): CWebApplication->processRequest()
#2 /home/www/lweb/lweb.pl.ua/www/yii_link/index.php(13): CApplication->run()
#3 {main}
REQUEST_URI=/yii_link/www.mail.ru
---
